
lesson8.model ::: 2022-11-27 16:24:14,458 ::: DEBUG ::: get_person_info name=  lm category = Сотрудник
lesson8.model ::: 2022-11-27 16:24:18,498 ::: DEBUG ::: get_person_info name=  9 category = Сотрудник
lesson8.model ::: 2022-11-27 16:27:21,347 ::: DEBUG ::: logger init
lesson8.model ::: 2022-11-27 16:27:25,260 ::: DEBUG ::: get_person_info name=  8 category = Сотрудник
lesson8.model ::: 2022-11-27 16:28:52,751 ::: DEBUG ::: logger init
lesson8.model ::: 2022-11-27 16:28:56,251 ::: DEBUG ::: get_person_info name=  7 category = Сотрудник
lesson8.model ::: 2022-11-27 16:29:00,660 ::: DEBUG ::: get_person_info name=  8 category = Сотрудник
lesson8.model ::: 2022-11-27 16:46:23,406 ::: DEBUG ::: logger init
lesson8.handler_control ::: 2022-11-27 16:46:23,406 ::: DEBUG ::: logger init
lesson8.handler_control ::: 2022-11-27 16:46:23,407 ::: DEBUG ::: get_all_category_name
lesson8.model ::: 2022-11-27 16:46:23,407 ::: DEBUG ::: get_all_category_name
lesson8.handler_control ::: 2022-11-27 16:46:28,364 ::: DEBUG ::: get_data person_name=34, person_category_name=Сотрудник
lesson8.model ::: 2022-11-27 16:46:28,365 ::: DEBUG ::: get_person_info name=  34 category = Сотрудник
lesson8.handler_control ::: 2022-11-27 16:46:29,994 ::: DEBUG ::: get_data person_name=34, person_category_name=Сотрудник
lesson8.model ::: 2022-11-27 16:46:29,995 ::: DEBUG ::: get_person_info name=  34 category = Сотрудник
lesson8.handler_control ::: 2022-11-27 16:46:33,752 ::: DEBUG ::: get_data person_name=6, person_category_name=Сотрудник
lesson8.model ::: 2022-11-27 16:46:33,753 ::: DEBUG ::: get_person_info name=  6 category = Сотрудник
lesson8.handler_control ::: 2022-11-27 16:46:37,714 ::: DEBUG ::: get_data person_name=7, person_category_name=Сотрудник
lesson8.model ::: 2022-11-27 16:46:37,715 ::: DEBUG ::: get_person_info name=  7 category = Сотрудник
lesson8.handler_control ::: 2022-11-27 16:46:42,175 ::: DEBUG ::: get_data person_name=8, person_category_name=Сотрудник
lesson8.model ::: 2022-11-27 16:46:42,176 ::: DEBUG ::: get_person_info name=  8 category = Сотрудник
lesson8.model ::: 2022-11-27 16:46:44,254 ::: DEBUG ::: get_all_contact
lesson8.handler_control ::: 2022-11-27 16:46:44,257 ::: DEBUG ::: trying save file data.txt
lesson8.model ::: 2022-11-27 16:47:18,676 ::: DEBUG ::: logger init
lesson8.handler_control ::: 2022-11-27 16:47:18,677 ::: DEBUG ::: logger init
lesson8.handler_control ::: 2022-11-27 16:47:18,677 ::: DEBUG ::: get_all_category_name
lesson8.model ::: 2022-11-27 16:47:18,678 ::: DEBUG ::: get_all_category_name
lesson8.handler_control ::: 2022-11-27 16:47:24,680 ::: DEBUG ::: get_data person_name=7, person_category_name=Студент
lesson8.model ::: 2022-11-27 16:47:24,681 ::: DEBUG ::: get_person_info name=  7 category = Студент
lesson8.model ::: 2022-11-27 16:47:25,841 ::: DEBUG ::: get_all_contact
lesson8.handler_control ::: 2022-11-27 16:47:25,843 ::: DEBUG ::: trying save file data.txt
lesson8.model ::: 2022-11-27 16:47:53,672 ::: DEBUG ::: logger init
lesson8.handler_control ::: 2022-11-27 16:47:53,673 ::: DEBUG ::: logger init
lesson8.handler_control ::: 2022-11-27 16:47:53,673 ::: DEBUG ::: get_all_category_name
lesson8.model ::: 2022-11-27 16:47:53,674 ::: DEBUG ::: get_all_category_name
lesson8.handler_control ::: 2022-11-27 16:48:01,926 ::: DEBUG ::: del_person_info  id_contact=lglkbk
lesson8.model ::: 2022-11-27 16:48:01,926 ::: DEBUG ::: del_person_info id_contact = lglkbk
lesson8.model ::: 2022-11-27 16:48:01,927 ::: ERROR ::: del_person_info  Введено не число id_contact = lglkbk
